<?xml version="1.0" encoding="UTF-8"?>
<!-- Generated by org.testng.reporters.JUnitReportReporter -->
<testsuite hostname="fedora" failures="0" tests="2" name="DataDrivenExamples" time="3.762" errors="0" timestamp="2021-12-28T15:55:09 IST" skipped="0">
  <testcase classname="DataDrivenExamples" name="test_delete" time="0.070"/>
  <system-out/>
  <testcase classname="DataDrivenExamples" name="test_delete" time="3.692"/>
  <system-out/>
</testsuite> <!-- DataDrivenExamples -->
