<?xml version="1.0" encoding="UTF-8"?>
<!-- Generated by org.testng.reporters.JUnitReportReporter -->
<testsuite hostname="fedora" failures="0" tests="1" name="API_Tests.TC001_GET_Request" time="6.037" errors="0" timestamp="2021-12-29T19:16:45 IST" skipped="0">
  <testcase classname="API_Tests.TC001_GET_Request" name="getWeatherDeatails" time="6.037"/>
  <system-out/>
</testsuite> <!-- API_Tests.TC001_GET_Request -->
