<?xml version="1.0" encoding="UTF-8"?>
<!-- Generated by org.testng.reporters.JUnitReportReporter -->
<testsuite hostname="fedora" failures="0" tests="7" name="com.employeeapi.testCases.GET_Single_Employee" time="0.150" errors="0" timestamp="2021-12-30T20:20:07 IST" skipped="0">
  <testcase classname="com.employeeapi.testCases.GET_Single_Employee" name="checkStatusLine" time="0.002"/>
  <system-out/>
  <testcase classname="com.employeeapi.testCases.GET_Single_Employee" name="checkResponseBody" time="0.086"/>
  <system-out/>
  <testcase classname="com.employeeapi.testCases.GET_Single_Employee" name="checkStatusCode" time="0.002"/>
  <system-out/>
  <testcase classname="com.employeeapi.testCases.GET_Single_Employee" name="checkContentType" time="0.006"/>
  <system-out/>
  <testcase classname="com.employeeapi.testCases.GET_Single_Employee" name="checkContentLength" time="0.044"/>
  <system-out/>
  <testcase classname="com.employeeapi.testCases.GET_Single_Employee" name="checkResponseTime" time="0.003"/>
  <system-out/>
  <testcase classname="com.employeeapi.testCases.GET_Single_Employee" name="checkServerType" time="0.007"/>
  <system-out/>
</testsuite> <!-- com.employeeapi.testCases.GET_Single_Employee -->
