<?xml version="1.0" encoding="UTF-8"?>
<!-- Generated by org.testng.reporters.JUnitReportReporter -->
<testsuite hostname="fedora" failures="0" tests="7" name="com.employeeapi.testCases.PUT_Employee_Record" time="0.137" errors="0" timestamp="2022-01-02T17:11:55 IST" skipped="0">
  <testcase classname="com.employeeapi.testCases.PUT_Employee_Record" name="checkContentLength" time="0.002"/>
  <system-out/>
  <testcase classname="com.employeeapi.testCases.PUT_Employee_Record" name="checkStatusCode" time="0.004"/>
  <system-out/>
  <testcase classname="com.employeeapi.testCases.PUT_Employee_Record" name="checkResponseBody" time="0.122"/>
  <system-out/>
  <testcase classname="com.employeeapi.testCases.PUT_Employee_Record" name="checkStatusLine" time="0.002"/>
  <system-out/>
  <testcase classname="com.employeeapi.testCases.PUT_Employee_Record" name="checkContentType" time="0.002"/>
  <system-out/>
  <testcase classname="com.employeeapi.testCases.PUT_Employee_Record" name="checkResponseTime" time="0.004"/>
  <system-out/>
  <testcase classname="com.employeeapi.testCases.PUT_Employee_Record" name="checkServerType" time="0.001"/>
  <system-out/>
</testsuite> <!-- com.employeeapi.testCases.PUT_Employee_Record -->
