<?xml version="1.0" encoding="UTF-8"?>
<!-- Generated by org.testng.reporters.JUnitReportReporter -->
<testsuite hostname="fedora" failures="0" tests="2" name="serializationDeserialization.VideoGameAPITestWithSerialization" time="5.757" errors="0" timestamp="2022-01-04T09:13:55 IST" skipped="0">
  <testcase classname="serializationDeserialization.VideoGameAPITestWithSerialization" name="testVideoGameSerializationXML" time="5.235"/>
  <system-out/>
  <testcase classname="serializationDeserialization.VideoGameAPITestWithSerialization" name="testVideoGameDeserializationXML" time="0.522"/>
  <system-out/>
</testsuite> <!-- serializationDeserialization.VideoGameAPITestWithSerialization -->
