<?xml version="1.0" encoding="UTF-8"?>
<!-- Generated by org.testng.reporters.JUnitReportReporter -->
<testsuite hostname="fedora" failures="0" tests="5" name="bddRestAssuredTests.Demo6_BasicValidations_XML" time="7.087" errors="0" timestamp="2022-01-03T17:47:14 IST" skipped="0">
  <testcase classname="bddRestAssuredTests.Demo6_BasicValidations_XML" name="testSingleContent" time="5.672"/>
  <system-out/>
  <testcase classname="bddRestAssuredTests.Demo6_BasicValidations_XML" name="testMultipleContents" time="0.435"/>
  <system-out/>
  <testcase classname="bddRestAssuredTests.Demo6_BasicValidations_XML" name="testMultipleContentsInOneGo" time="0.376"/>
  <system-out/>
  <testcase classname="bddRestAssuredTests.Demo6_BasicValidations_XML" name="testUsingXPath1" time="0.344"/>
  <system-out/>
  <testcase classname="bddRestAssuredTests.Demo6_BasicValidations_XML" name="testUsingXPath2" time="0.260"/>
  <system-out/>
</testsuite> <!-- bddRestAssuredTests.Demo6_BasicValidations_XML -->
