<?xml version="1.0" encoding="UTF-8"?>
<!-- Generated by org.testng.reporters.JUnitReportReporter -->
<testsuite hostname="fedora" failures="0" tests="1" name="bddRestAssuredTests.Demo1_GET_Request" time="5.871" errors="0" timestamp="2022-01-03T14:10:35 IST" skipped="0">
  <testcase classname="bddRestAssuredTests.Demo1_GET_Request" name="getWeatherDetails" time="5.871"/>
  <system-out/>
</testsuite> <!-- bddRestAssuredTests.Demo1_GET_Request -->
