<?xml version="1.0" encoding="UTF-8"?>
<!-- Generated by org.testng.reporters.JUnitReportReporter -->
<testsuite hostname="fedora" failures="0" tests="1" name="API_Tests.TC007_GET_RequestAuthorization" time="5.715" errors="0" timestamp="2021-12-30T10:31:52 IST" skipped="0">
  <testcase classname="API_Tests.TC007_GET_RequestAuthorization" name="authorizationTest" time="5.715"/>
  <system-out/>
</testsuite> <!-- API_Tests.TC007_GET_RequestAuthorization -->
