<?xml version="1.0" encoding="UTF-8"?>
<!-- Generated by org.testng.reporters.JUnitReportReporter -->
<testsuite hostname="fedora" failures="0" tests="1" name="Test_GET" time="4.358" errors="0" timestamp="2021-12-27T18:37:52 IST" skipped="0">
  <testcase classname="Test_GET" name="test_1" time="4.358"/>
  <system-out/>
</testsuite> <!-- Test_GET -->
