<?xml version="1.0" encoding="UTF-8"?>
<!-- Generated by org.testng.reporters.JUnitReportReporter -->
<testsuite hostname="fedora" failures="0" tests="1" name="tests.JSONSchemaValidator" time="7.570" errors="0" timestamp="2021-12-28T19:35:34 IST" skipped="0">
  <testcase classname="tests.JSONSchemaValidator" name="test_1" time="7.570"/>
  <system-out/>
</testsuite> <!-- tests.JSONSchemaValidator -->
