<?xml version="1.0" encoding="UTF-8"?>
<!-- Generated by org.testng.reporters.JUnitReportReporter -->
<testsuite hostname="fedora" failures="0" tests="1" name="bddRestAssuredTests.Demo3_PUT_Request" time="4.456" errors="0" timestamp="2022-01-03T15:18:18 IST" skipped="0">
  <testcase classname="bddRestAssuredTests.Demo3_PUT_Request" name="checkResponseBody" time="4.456"/>
  <system-out/>
</testsuite> <!-- bddRestAssuredTests.Demo3_PUT_Request -->
