<?xml version="1.0" encoding="UTF-8"?>
<!-- Generated by org.testng.reporters.JUnitReportReporter -->
<testsuite hostname="fedora" failures="0" tests="1" name="bddRestAssuredTests.Demo4_DELETE_Request" time="4.123" errors="0" timestamp="2022-01-03T16:09:33 IST" skipped="0">
  <testcase classname="bddRestAssuredTests.Demo4_DELETE_Request" name="testDelete" time="4.123"/>
  <system-out/>
</testsuite> <!-- bddRestAssuredTests.Demo4_DELETE_Request -->
