<?xml version="1.0" encoding="UTF-8"?>
<!-- Generated by org.testng.reporters.JUnitReportReporter -->
<testsuite hostname="fedora" failures="0" tests="9" name="com.employeeapi.testCases.GET_All_Employees" time="0.061" errors="0" timestamp="2022-01-02T18:03:18 IST" skipped="0">
  <testcase classname="com.employeeapi.testCases.GET_All_Employees" name="checkResponseBody" time="0.027"/>
  <system-out/>
  <testcase classname="com.employeeapi.testCases.GET_All_Employees" name="checkResponseTime" time="0.003"/>
  <system-out/>
  <testcase classname="com.employeeapi.testCases.GET_All_Employees" name="checkServerType" time="0.002"/>
  <system-out/>
  <testcase classname="com.employeeapi.testCases.GET_All_Employees" name="checkStatusCode" time="0.003"/>
  <system-out/>
  <testcase classname="com.employeeapi.testCases.GET_All_Employees" name="checkCookies" time="0.003"/>
  <system-out/>
  <testcase classname="com.employeeapi.testCases.GET_All_Employees" name="checkContentEncoding" time="0.014"/>
  <system-out/>
  <testcase classname="com.employeeapi.testCases.GET_All_Employees" name="checkContentType" time="0.003"/>
  <system-out/>
  <testcase classname="com.employeeapi.testCases.GET_All_Employees" name="checkStatusLine" time="0.003"/>
  <system-out/>
  <testcase classname="com.employeeapi.testCases.GET_All_Employees" name="checkContentLength" time="0.003"/>
  <system-out/>
</testsuite> <!-- com.employeeapi.testCases.GET_All_Employees -->
