<?xml version="1.0" encoding="UTF-8"?>
<!-- Generated by org.testng.reporters.JUnitReportReporter -->
<testsuite hostname="fedora" failures="0" tests="1" name="bddRestAssuredTests.Demo2_POST_Request" time="5.755" errors="0" timestamp="2022-01-03T16:19:25 IST" skipped="0">
  <testcase classname="bddRestAssuredTests.Demo2_POST_Request" name="testPost" time="5.755"/>
  <system-out/>
</testsuite> <!-- bddRestAssuredTests.Demo2_POST_Request -->
