<?xml version="1.0" encoding="UTF-8"?>
<!-- Generated by org.testng.reporters.JUnitReportReporter -->
<testsuite hostname="fedora" failures="0" tests="4" name="Tests_POST" time="10.614" errors="0" timestamp="2021-12-27T19:20:46 IST" skipped="0">
  <testcase classname="Tests_POST" name="test_2_put" time="0.864"/>
  <system-out/>
  <testcase classname="Tests_POST" name="test_1_post" time="8.995"/>
  <system-out/>
  <testcase classname="Tests_POST" name="test_3_patch" time="0.383"/>
  <system-out/>
  <testcase classname="Tests_POST" name="test_4_delete" time="0.372"/>
  <system-out/>
</testsuite> <!-- Tests_POST -->
