<?xml version="1.0" encoding="UTF-8"?>
<!-- Generated by org.testng.reporters.JUnitReportReporter -->
<testsuite hostname="fedora" failures="0" tests="7" name="com.employeeapi.testCases.GET_Employee_Record" time="0.022" errors="0" timestamp="2022-01-02T17:11:55 IST" skipped="0">
  <testcase classname="com.employeeapi.testCases.GET_Employee_Record" name="checkServerType" time="0.001"/>
  <system-out/>
  <testcase classname="com.employeeapi.testCases.GET_Employee_Record" name="checkStatusCode" time="0.006"/>
  <system-out/>
  <testcase classname="com.employeeapi.testCases.GET_Employee_Record" name="checkResponseTime" time="0.002"/>
  <system-out/>
  <testcase classname="com.employeeapi.testCases.GET_Employee_Record" name="checkStatusLine" time="0.002"/>
  <system-out/>
  <testcase classname="com.employeeapi.testCases.GET_Employee_Record" name="checkContentType" time="0.001"/>
  <system-out/>
  <testcase classname="com.employeeapi.testCases.GET_Employee_Record" name="checkContentLength" time="0.007"/>
  <system-out/>
  <testcase classname="com.employeeapi.testCases.GET_Employee_Record" name="checkResponseBody" time="0.003"/>
  <system-out/>
</testsuite> <!-- com.employeeapi.testCases.GET_Employee_Record -->
