<?xml version="1.0" encoding="UTF-8"?>
<!-- Generated by org.testng.reporters.JUnitReportReporter -->
<testsuite hostname="fedora" failures="0" tests="1" name="API_Tests.TC006_GET_ValidatingJsonResponse" time="5.097" errors="0" timestamp="2021-12-30T10:33:16 IST" skipped="0">
  <testcase classname="API_Tests.TC006_GET_ValidatingJsonResponse" name="getWeatherDetals" time="5.097"/>
  <system-out/>
</testsuite> <!-- API_Tests.TC006_GET_ValidatingJsonResponse -->
